<?xml version="1.0" encoding="UTF-8"?>
<!-- Generated by org.testng.reporters.JUnitXMLReporter -->
<testsuite ignored="0" hostname="DESKTOP-6IM55F2" failures="0" tests="3" name="Surefire test" time="4.902" errors="0" timestamp="2025-03-21T14:53:27 CET">
  <testcase classname="E2eLoginTest" name="checkoutTest" time="0.656"/>
  <testcase classname="LoginTest" name="connexionFailedTest" time="0.162"/>
  <testcase classname="LoginTest" name="connexionTest" time="0.176"/>
</testsuite> <!-- Surefire test -->
